[2017-09-09 16:53:41] production.ERROR: exception 'InvalidArgumentException' with message 'The "" directory does not exist.' in /home/vinahlawat/public_html/sportsfest-kiet.com/vendor/symfony/finder/Finder.php:546
Stack trace:
#0 /home/vinahlawat/public_html/sportsfest-kiet.com/vendor/laravel/framework/src/Illuminate/Foundation/Bootstrap/LoadConfiguration.php(87): Symfony\Component\Finder\Finder->in(false)
#1 /home/vinahlawat/public_html/sportsfest-kiet.com/vendor/laravel/framework/src/Illuminate/Foundation/Bootstrap/LoadConfiguration.php(64): Illuminate\Foundation\Bootstrap\LoadConfiguration->getConfigurationFiles(Object(Illuminate\Foundation\Application))
#2 /home/vinahlawat/public_html/sportsfest-kiet.com/vendor/laravel/framework/src/Illuminate/Foundation/Bootstrap/LoadConfiguration.php(39): Illuminate\Foundation\Bootstrap\LoadConfiguration->loadConfigurationFiles(Object(Illuminate\Foundation\Application), Object(Illuminate\Config\Repository))
#3 /home/vinahlawat/public_html/sportsfest-kiet.com/vendor/laravel/framework/src/Illuminate/Foundation/Application.php(208): Illuminate\Foundation\Bootstrap\LoadConfiguration->bootstrap(Object(Illuminate\Foundation\Application))
#4 /home/vinahlawat/public_html/sportsfest-kiet.com/vendor/laravel/framework/src/Illuminate/Foundation/Http/Kernel.php(162): Illuminate\Foundation\Application->bootstrapWith(Array)
#5 /home/vinahlawat/public_html/sportsfest-kiet.com/vendor/laravel/framework/src/Illuminate/Foundation/Http/Kernel.php(146): Illuminate\Foundation\Http\Kernel->bootstrap()
#6 /home/vinahlawat/public_html/sportsfest-kiet.com/vendor/laravel/framework/src/Illuminate/Foundation/Http/Kernel.php(116): Illuminate\Foundation\Http\Kernel->sendRequestThroughRouter(Object(Illuminate\Http\Request))
#7 /home/vinahlawat/public_html/sportsfest-kiet.com/index.php(54): Illuminate\Foundation\Http\Kernel->handle(Object(Illuminate\Http\Request))
#8 {main}  
[2017-09-09 16:53:51] production.ERROR: exception 'InvalidArgumentException' with message 'The "" directory does not exist.' in /home/vinahlawat/public_html/sportsfest-kiet.com/vendor/symfony/finder/Finder.php:546
Stack trace:
#0 /home/vinahlawat/public_html/sportsfest-kiet.com/vendor/laravel/framework/src/Illuminate/Foundation/Bootstrap/LoadConfiguration.php(87): Symfony\Component\Finder\Finder->in(false)
#1 /home/vinahlawat/public_html/sportsfest-kiet.com/vendor/laravel/framework/src/Illuminate/Foundation/Bootstrap/LoadConfiguration.php(64): Illuminate\Foundation\Bootstrap\LoadConfiguration->getConfigurationFiles(Object(Illuminate\Foundation\Application))
#2 /home/vinahlawat/public_html/sportsfest-kiet.com/vendor/laravel/framework/src/Illuminate/Foundation/Bootstrap/LoadConfiguration.php(39): Illuminate\Foundation\Bootstrap\LoadConfiguration->loadConfigurationFiles(Object(Illuminate\Foundation\Application), Object(Illuminate\Config\Repository))
#3 /home/vinahlawat/public_html/sportsfest-kiet.com/vendor/laravel/framework/src/Illuminate/Foundation/Application.php(208): Illuminate\Foundation\Bootstrap\LoadConfiguration->bootstrap(Object(Illuminate\Foundation\Application))
#4 /home/vinahlawat/public_html/sportsfest-kiet.com/vendor/laravel/framework/src/Illuminate/Foundation/Http/Kernel.php(162): Illuminate\Foundation\Application->bootstrapWith(Array)
#5 /home/vinahlawat/public_html/sportsfest-kiet.com/vendor/laravel/framework/src/Illuminate/Foundation/Http/Kernel.php(146): Illuminate\Foundation\Http\Kernel->bootstrap()
#6 /home/vinahlawat/public_html/sportsfest-kiet.com/vendor/laravel/framework/src/Illuminate/Foundation/Http/Kernel.php(116): Illuminate\Foundation\Http\Kernel->sendRequestThroughRouter(Object(Illuminate\Http\Request))
#7 /home/vinahlawat/public_html/sportsfest-kiet.com/index.php(54): Illuminate\Foundation\Http\Kernel->handle(Object(Illuminate\Http\Request))
#8 {main}  
